nohup: ignoring input
Using TensorFlow backend.
2017-09-28 00:22:30.679155: W tensorflow/core/platform/cpu_feature_guard.cc:45] The TensorFlow library wasn't compiled to use SSE4.1 instructions, but these are available on your machine and could speed up CPU computations.
2017-09-28 00:22:30.679187: W tensorflow/core/platform/cpu_feature_guard.cc:45] The TensorFlow library wasn't compiled to use SSE4.2 instructions, but these are available on your machine and could speed up CPU computations.
2017-09-28 00:22:30.679191: W tensorflow/core/platform/cpu_feature_guard.cc:45] The TensorFlow library wasn't compiled to use AVX instructions, but these are available on your machine and could speed up CPU computations.
2017-09-28 00:22:30.679194: W tensorflow/core/platform/cpu_feature_guard.cc:45] The TensorFlow library wasn't compiled to use AVX2 instructions, but these are available on your machine and could speed up CPU computations.
2017-09-28 00:22:30.679198: W tensorflow/core/platform/cpu_feature_guard.cc:45] The TensorFlow library wasn't compiled to use FMA instructions, but these are available on your machine and could speed up CPU computations.
/mnt/home/keschenb/anaconda2/lib/python2.7/site-packages/keras/models.py:281: UserWarning: Error in loading the saved optimizer state. As a result, your model is starting with a freshly initialized optimizer.
  warnings.warn('Error in loading the saved optimizer '
Test Subject: 620434
Test data columns (in order): ['fs_cort', 'fs_subcort', 'pt_cort', 'pt_subcort', 'sulcal', 'myelin', 'curv']
Test Subject: 298455
Test data columns (in order): ['fs_cort', 'fs_subcort', 'pt_cort', 'pt_subcort', 'sulcal', 'myelin', 'curv']
Test Subject: 598568
Test data columns (in order): ['fs_cort', 'fs_subcort', 'pt_cort', 'pt_subcort', 'sulcal', 'myelin', 'curv']
Test Subject: 566454
Test data columns (in order): ['fs_cort', 'fs_subcort', 'pt_cort', 'pt_subcort', 'sulcal', 'myelin', 'curv']
Test Subject: 414229
Test data columns (in order): ['fs_cort', 'fs_subcort', 'pt_cort', 'pt_subcort', 'sulcal', 'myelin', 'curv']
Test Subject: 573249
Test data columns (in order): ['fs_cort', 'fs_subcort', 'pt_cort', 'pt_subcort', 'sulcal', 'myelin', 'curv']
Test Subject: 567052
Test data columns (in order): ['fs_cort', 'fs_subcort', 'pt_cort', 'pt_subcort', 'sulcal', 'myelin', 'curv']
Test Subject: 480141
Test data columns (in order): ['fs_cort', 'fs_subcort', 'pt_cort', 'pt_subcort', 'sulcal', 'myelin', 'curv']
Test Subject: 371843
Test data columns (in order): ['fs_cort', 'fs_subcort', 'pt_cort', 'pt_subcort', 'sulcal', 'myelin', 'curv']
Test Subject: 397760
Test data columns (in order): ['fs_cort', 'fs_subcort', 'pt_cort', 'pt_subcort', 'sulcal', 'myelin', 'curv']
